<?xml version="1.0" encoding="UTF-8"?>
<!-- Generated by org.testng.reporters.JUnitReportReporter -->
<testsuite hostname="NOTE-IMPALA" failures="0" tests="1" name="sessao1.serializarUser" time="13.186" errors="0" timestamp="2023-05-05T03:18:01 GMT-03:00" skipped="0">
  <testcase classname="sessao1.serializarUser" name="criarJsonObject" time="13.186"/>
  <system-out/>
</testsuite> <!-- sessao1.serializarUser -->
