<?xml version="1.0" encoding="UTF-8"?>
<!-- Generated by org.testng.reporters.JUnitReportReporter -->
<testsuite hostname="NOTE-IMPALA" failures="0" tests="1" name="testePojo.PojoValidaCreate" time="21.358" errors="0" timestamp="2023-05-05T04:05:56 GMT-03:00" skipped="0">
  <testcase classname="testePojo.PojoValidaCreate" name="DeserTest" time="21.358"/>
  <system-out/>
</testsuite> <!-- testePojo.PojoValidaCreate -->
